[2025-12-22 22:47:56] ERROR [apps.core.decorators:83] decorators._log_error
Message: Error in get_sales_report: [FieldError] Cannot compute Sum('<CombinedExpression: F(quantity) * F(unit_price)>'): '<CombinedExpression: F(quantity) * F(unit_price)>' is an aggregate
Process: 20032 | Thread: 36460
Traceback (most recent call last):
  File "C:\ERP\backend\apps\core\decorators.py", line 196, in wrapper
    return func(*args, **kwargs)
           ^^^^^^^^^^^^^^^^^^^^^
  File "C:\ERP\backend\apps\reports\services.py", line 212, in get_sales_report
    ).values('product__name').annotate(
                              ^^^^^^^^^
  File "C:\Users\ahmad\AppData\Local\Programs\Python\Python312\Lib\site-packages\django\db\models\query.py", line 1630, in annotate
    return self._annotate(args, kwargs, select=True)
           ^^^^^^^^^^^^^^^^^^^^^^^^^^^^^^^^^^^^^^^^^
  File "C:\Users\ahmad\AppData\Local\Programs\Python\Python312\Lib\site-packages\django\db\models\query.py", line 1680, in _annotate
    clone.query.add_annotation(
  File "C:\Users\ahmad\AppData\Local\Programs\Python\Python312\Lib\site-packages\django\db\models\sql\query.py", line 1198, in add_annotation
    annotation = annotation.resolve_expression(self, allow_joins=True, reuse=None)
                 ^^^^^^^^^^^^^^^^^^^^^^^^^^^^^^^^^^^^^^^^^^^^^^^^^^^^^^^^^^^^^^^^^
  File "C:\Users\ahmad\AppData\Local\Programs\Python\Python312\Lib\site-packages\django\db\models\aggregates.py", line 88, in resolve_expression
    raise FieldError(
django.core.exceptions.FieldError: Cannot compute Sum('<CombinedExpression: F(quantity) * F(unit_price)>'): '<CombinedExpression: F(quantity) * F(unit_price)>' is an aggregate
[2025-12-22 22:47:58] ERROR [apps.core.decorators:83] decorators._log_error
Message: Error in get_sales_report: [FieldError] Cannot compute Sum('<CombinedExpression: F(quantity) * F(unit_price)>'): '<CombinedExpression: F(quantity) * F(unit_price)>' is an aggregate
Process: 20032 | Thread: 32092
Traceback (most recent call last):
  File "C:\ERP\backend\apps\core\decorators.py", line 196, in wrapper
    return func(*args, **kwargs)
           ^^^^^^^^^^^^^^^^^^^^^
  File "C:\ERP\backend\apps\reports\services.py", line 212, in get_sales_report
    ).values('product__name').annotate(
                              ^^^^^^^^^
  File "C:\Users\ahmad\AppData\Local\Programs\Python\Python312\Lib\site-packages\django\db\models\query.py", line 1630, in annotate
    return self._annotate(args, kwargs, select=True)
           ^^^^^^^^^^^^^^^^^^^^^^^^^^^^^^^^^^^^^^^^^
  File "C:\Users\ahmad\AppData\Local\Programs\Python\Python312\Lib\site-packages\django\db\models\query.py", line 1680, in _annotate
    clone.query.add_annotation(
  File "C:\Users\ahmad\AppData\Local\Programs\Python\Python312\Lib\site-packages\django\db\models\sql\query.py", line 1198, in add_annotation
    annotation = annotation.resolve_expression(self, allow_joins=True, reuse=None)
                 ^^^^^^^^^^^^^^^^^^^^^^^^^^^^^^^^^^^^^^^^^^^^^^^^^^^^^^^^^^^^^^^^^
  File "C:\Users\ahmad\AppData\Local\Programs\Python\Python312\Lib\site-packages\django\db\models\aggregates.py", line 88, in resolve_expression
    raise FieldError(
django.core.exceptions.FieldError: Cannot compute Sum('<CombinedExpression: F(quantity) * F(unit_price)>'): '<CombinedExpression: F(quantity) * F(unit_price)>' is an aggregate
[2025-12-22 22:48:02] ERROR [apps.core.decorators:83] decorators._log_error
Message: Error in get_sales_report: [FieldError] Cannot compute Sum('<CombinedExpression: F(quantity) * F(unit_price)>'): '<CombinedExpression: F(quantity) * F(unit_price)>' is an aggregate
Process: 20032 | Thread: 26556
Traceback (most recent call last):
  File "C:\ERP\backend\apps\core\decorators.py", line 196, in wrapper
    return func(*args, **kwargs)
           ^^^^^^^^^^^^^^^^^^^^^
  File "C:\ERP\backend\apps\reports\services.py", line 212, in get_sales_report
    ).values('product__name').annotate(
                              ^^^^^^^^^
  File "C:\Users\ahmad\AppData\Local\Programs\Python\Python312\Lib\site-packages\django\db\models\query.py", line 1630, in annotate
    return self._annotate(args, kwargs, select=True)
           ^^^^^^^^^^^^^^^^^^^^^^^^^^^^^^^^^^^^^^^^^
  File "C:\Users\ahmad\AppData\Local\Programs\Python\Python312\Lib\site-packages\django\db\models\query.py", line 1680, in _annotate
    clone.query.add_annotation(
  File "C:\Users\ahmad\AppData\Local\Programs\Python\Python312\Lib\site-packages\django\db\models\sql\query.py", line 1198, in add_annotation
    annotation = annotation.resolve_expression(self, allow_joins=True, reuse=None)
                 ^^^^^^^^^^^^^^^^^^^^^^^^^^^^^^^^^^^^^^^^^^^^^^^^^^^^^^^^^^^^^^^^^
  File "C:\Users\ahmad\AppData\Local\Programs\Python\Python312\Lib\site-packages\django\db\models\aggregates.py", line 88, in resolve_expression
    raise FieldError(
django.core.exceptions.FieldError: Cannot compute Sum('<CombinedExpression: F(quantity) * F(unit_price)>'): '<CombinedExpression: F(quantity) * F(unit_price)>' is an aggregate
[2025-12-22 22:48:04] ERROR [apps.core.decorators:83] decorators._log_error
Message: Error in get_sales_report: [FieldError] Cannot compute Sum('<CombinedExpression: F(quantity) * F(unit_price)>'): '<CombinedExpression: F(quantity) * F(unit_price)>' is an aggregate
Process: 20032 | Thread: 34288
Traceback (most recent call last):
  File "C:\ERP\backend\apps\core\decorators.py", line 196, in wrapper
    return func(*args, **kwargs)
           ^^^^^^^^^^^^^^^^^^^^^
  File "C:\ERP\backend\apps\reports\services.py", line 212, in get_sales_report
    ).values('product__name').annotate(
                              ^^^^^^^^^
  File "C:\Users\ahmad\AppData\Local\Programs\Python\Python312\Lib\site-packages\django\db\models\query.py", line 1630, in annotate
    return self._annotate(args, kwargs, select=True)
           ^^^^^^^^^^^^^^^^^^^^^^^^^^^^^^^^^^^^^^^^^
  File "C:\Users\ahmad\AppData\Local\Programs\Python\Python312\Lib\site-packages\django\db\models\query.py", line 1680, in _annotate
    clone.query.add_annotation(
  File "C:\Users\ahmad\AppData\Local\Programs\Python\Python312\Lib\site-packages\django\db\models\sql\query.py", line 1198, in add_annotation
    annotation = annotation.resolve_expression(self, allow_joins=True, reuse=None)
                 ^^^^^^^^^^^^^^^^^^^^^^^^^^^^^^^^^^^^^^^^^^^^^^^^^^^^^^^^^^^^^^^^^
  File "C:\Users\ahmad\AppData\Local\Programs\Python\Python312\Lib\site-packages\django\db\models\aggregates.py", line 88, in resolve_expression
    raise FieldError(
django.core.exceptions.FieldError: Cannot compute Sum('<CombinedExpression: F(quantity) * F(unit_price)>'): '<CombinedExpression: F(quantity) * F(unit_price)>' is an aggregate
[2025-12-23 00:27:04] ERROR [apps.core.decorators:83] decorators._log_error
Message: Error in get_sales_report: [FieldError] Cannot compute Sum('<CombinedExpression: F(quantity) * F(unit_price)>'): '<CombinedExpression: F(quantity) * F(unit_price)>' is an aggregate
Process: 4264 | Thread: 34952
Traceback (most recent call last):
  File "C:\ERP\backend\apps\core\decorators.py", line 196, in wrapper
    return func(*args, **kwargs)
           ^^^^^^^^^^^^^^^^^^^^^
  File "C:\ERP\backend\apps\reports\services.py", line 212, in get_sales_report
    ).values('product__name').annotate(
                              ^^^^^^^^^
  File "C:\Users\ahmad\AppData\Local\Programs\Python\Python312\Lib\site-packages\django\db\models\query.py", line 1630, in annotate
    return self._annotate(args, kwargs, select=True)
           ^^^^^^^^^^^^^^^^^^^^^^^^^^^^^^^^^^^^^^^^^
  File "C:\Users\ahmad\AppData\Local\Programs\Python\Python312\Lib\site-packages\django\db\models\query.py", line 1680, in _annotate
    clone.query.add_annotation(
  File "C:\Users\ahmad\AppData\Local\Programs\Python\Python312\Lib\site-packages\django\db\models\sql\query.py", line 1198, in add_annotation
    annotation = annotation.resolve_expression(self, allow_joins=True, reuse=None)
                 ^^^^^^^^^^^^^^^^^^^^^^^^^^^^^^^^^^^^^^^^^^^^^^^^^^^^^^^^^^^^^^^^^
  File "C:\Users\ahmad\AppData\Local\Programs\Python\Python312\Lib\site-packages\django\db\models\aggregates.py", line 88, in resolve_expression
    raise FieldError(
django.core.exceptions.FieldError: Cannot compute Sum('<CombinedExpression: F(quantity) * F(unit_price)>'): '<CombinedExpression: F(quantity) * F(unit_price)>' is an aggregate
[2025-12-23 00:27:06] ERROR [apps.core.decorators:83] decorators._log_error
Message: Error in get_sales_report: [FieldError] Cannot compute Sum('<CombinedExpression: F(quantity) * F(unit_price)>'): '<CombinedExpression: F(quantity) * F(unit_price)>' is an aggregate
Process: 4264 | Thread: 30868
Traceback (most recent call last):
  File "C:\ERP\backend\apps\core\decorators.py", line 196, in wrapper
    return func(*args, **kwargs)
           ^^^^^^^^^^^^^^^^^^^^^
  File "C:\ERP\backend\apps\reports\services.py", line 212, in get_sales_report
    ).values('product__name').annotate(
                              ^^^^^^^^^
  File "C:\Users\ahmad\AppData\Local\Programs\Python\Python312\Lib\site-packages\django\db\models\query.py", line 1630, in annotate
    return self._annotate(args, kwargs, select=True)
           ^^^^^^^^^^^^^^^^^^^^^^^^^^^^^^^^^^^^^^^^^
  File "C:\Users\ahmad\AppData\Local\Programs\Python\Python312\Lib\site-packages\django\db\models\query.py", line 1680, in _annotate
    clone.query.add_annotation(
  File "C:\Users\ahmad\AppData\Local\Programs\Python\Python312\Lib\site-packages\django\db\models\sql\query.py", line 1198, in add_annotation
    annotation = annotation.resolve_expression(self, allow_joins=True, reuse=None)
                 ^^^^^^^^^^^^^^^^^^^^^^^^^^^^^^^^^^^^^^^^^^^^^^^^^^^^^^^^^^^^^^^^^
  File "C:\Users\ahmad\AppData\Local\Programs\Python\Python312\Lib\site-packages\django\db\models\aggregates.py", line 88, in resolve_expression
    raise FieldError(
django.core.exceptions.FieldError: Cannot compute Sum('<CombinedExpression: F(quantity) * F(unit_price)>'): '<CombinedExpression: F(quantity) * F(unit_price)>' is an aggregate
[2025-12-23 00:30:00] ERROR [django.request:241] log.log_response
Message: Internal Server Error: /api/v1/sales/invoices/
Process: 4264 | Thread: 8236
Traceback (most recent call last):
  File "C:\Users\ahmad\AppData\Local\Programs\Python\Python312\Lib\site-packages\django\core\handlers\exception.py", line 55, in inner
    response = get_response(request)
               ^^^^^^^^^^^^^^^^^^^^^
  File "C:\Users\ahmad\AppData\Local\Programs\Python\Python312\Lib\site-packages\django\core\handlers\base.py", line 197, in _get_response
    response = wrapped_callback(request, *callback_args, **callback_kwargs)
               ^^^^^^^^^^^^^^^^^^^^^^^^^^^^^^^^^^^^^^^^^^^^^^^^^^^^^^^^^^^^
  File "C:\Users\ahmad\AppData\Local\Programs\Python\Python312\Lib\site-packages\django\views\decorators\csrf.py", line 65, in _view_wrapper
    return view_func(request, *args, **kwargs)
           ^^^^^^^^^^^^^^^^^^^^^^^^^^^^^^^^^^^
  File "C:\Users\ahmad\AppData\Local\Programs\Python\Python312\Lib\site-packages\rest_framework\viewsets.py", line 125, in view
    return self.dispatch(request, *args, **kwargs)
           ^^^^^^^^^^^^^^^^^^^^^^^^^^^^^^^^^^^^^^^
  File "C:\Users\ahmad\AppData\Local\Programs\Python\Python312\Lib\site-packages\rest_framework\views.py", line 515, in dispatch
    response = self.handle_exception(exc)
               ^^^^^^^^^^^^^^^^^^^^^^^^^^
  File "C:\Users\ahmad\AppData\Local\Programs\Python\Python312\Lib\site-packages\rest_framework\views.py", line 475, in handle_exception
    self.raise_uncaught_exception(exc)
  File "C:\Users\ahmad\AppData\Local\Programs\Python\Python312\Lib\site-packages\rest_framework\views.py", line 486, in raise_uncaught_exception
    raise exc
  File "C:\Users\ahmad\AppData\Local\Programs\Python\Python312\Lib\site-packages\rest_framework\views.py", line 512, in dispatch
    response = handler(request, *args, **kwargs)
               ^^^^^^^^^^^^^^^^^^^^^^^^^^^^^^^^^
  File "C:\Users\ahmad\AppData\Local\Programs\Python\Python312\Lib\site-packages\rest_framework\mixins.py", line 18, in create
    serializer.is_valid(raise_exception=True)
  File "C:\Users\ahmad\AppData\Local\Programs\Python\Python312\Lib\site-packages\rest_framework\serializers.py", line 225, in is_valid
    self._validated_data = self.run_validation(self.initial_data)
                           ^^^^^^^^^^^^^^^^^^^^^^^^^^^^^^^^^^^^^^
  File "C:\Users\ahmad\AppData\Local\Programs\Python\Python312\Lib\site-packages\rest_framework\serializers.py", line 444, in run_validation
    value = self.to_internal_value(data)
            ^^^^^^^^^^^^^^^^^^^^^^^^^^^^
  File "C:\Users\ahmad\AppData\Local\Programs\Python\Python312\Lib\site-packages\rest_framework\serializers.py", line 497, in to_internal_value
    for field in fields:
  File "C:\Users\ahmad\AppData\Local\Programs\Python\Python312\Lib\site-packages\rest_framework\serializers.py", line 380, in _writable_fields
    for field in self.fields.values():
                 ^^^^^^^^^^^
  File "C:\Users\ahmad\AppData\Local\Programs\Python\Python312\Lib\site-packages\django\utils\functional.py", line 47, in __get__
    res = instance.__dict__[self.name] = self.func(instance)
                                         ^^^^^^^^^^^^^^^^^^^
  File "C:\Users\ahmad\AppData\Local\Programs\Python\Python312\Lib\site-packages\rest_framework\serializers.py", line 374, in fields
    for key, value in self.get_fields().items():
                      ^^^^^^^^^^^^^^^^^
  File "C:\Users\ahmad\AppData\Local\Programs\Python\Python312\Lib\site-packages\rest_framework\serializers.py", line 1105, in get_fields
    field_class, field_kwargs = self.build_field(
                                ^^^^^^^^^^^^^^^^^
  File "C:\Users\ahmad\AppData\Local\Programs\Python\Python312\Lib\site-packages\rest_framework\serializers.py", line 1251, in build_field
    return self.build_unknown_field(field_name, model_class)
           ^^^^^^^^^^^^^^^^^^^^^^^^^^^^^^^^^^^^^^^^^^^^^^^^^
  File "C:\Users\ahmad\AppData\Local\Programs\Python\Python312\Lib\site-packages\rest_framework\serializers.py", line 1369, in build_unknown_field
    raise ImproperlyConfigured(
django.core.exceptions.ImproperlyConfigured: Field name `confirm` is not valid for model `Invoice` in `apps.sales.serializers.InvoiceCreateSerializer`.
[2025-12-23 01:27:50] ERROR [apps.core.decorators:83] decorators._log_error
Message: Error in get_dashboard_summary: [FieldError] Cannot compute Sum('<CombinedExpression: F(quantity) * F(unit_price)>'): '<CombinedExpression: F(quantity) * F(unit_price)>' is an aggregate
Process: 25408 | Thread: 15308
Traceback (most recent call last):
  File "C:\ERP\backend\apps\core\decorators.py", line 196, in wrapper
    return func(*args, **kwargs)
           ^^^^^^^^^^^^^^^^^^^^^
  File "C:\ERP\backend\apps\reports\services.py", line 172, in get_dashboard_summary
    ).values('product__name').annotate(
                              ^^^^^^^^^
  File "C:\Users\ahmad\AppData\Local\Programs\Python\Python312\Lib\site-packages\django\db\models\query.py", line 1630, in annotate
    return self._annotate(args, kwargs, select=True)
           ^^^^^^^^^^^^^^^^^^^^^^^^^^^^^^^^^^^^^^^^^
  File "C:\Users\ahmad\AppData\Local\Programs\Python\Python312\Lib\site-packages\django\db\models\query.py", line 1680, in _annotate
    clone.query.add_annotation(
  File "C:\Users\ahmad\AppData\Local\Programs\Python\Python312\Lib\site-packages\django\db\models\sql\query.py", line 1198, in add_annotation
    annotation = annotation.resolve_expression(self, allow_joins=True, reuse=None)
                 ^^^^^^^^^^^^^^^^^^^^^^^^^^^^^^^^^^^^^^^^^^^^^^^^^^^^^^^^^^^^^^^^^
  File "C:\Users\ahmad\AppData\Local\Programs\Python\Python312\Lib\site-packages\django\db\models\aggregates.py", line 88, in resolve_expression
    raise FieldError(
django.core.exceptions.FieldError: Cannot compute Sum('<CombinedExpression: F(quantity) * F(unit_price)>'): '<CombinedExpression: F(quantity) * F(unit_price)>' is an aggregate
[2025-12-23 01:28:03] ERROR [apps.core.decorators:83] decorators._log_error
Message: Error in get_dashboard_summary: [FieldError] Cannot compute Sum('<CombinedExpression: F(quantity) * F(unit_price)>'): '<CombinedExpression: F(quantity) * F(unit_price)>' is an aggregate
Process: 25408 | Thread: 26932
Traceback (most recent call last):
  File "C:\ERP\backend\apps\core\decorators.py", line 196, in wrapper
    return func(*args, **kwargs)
           ^^^^^^^^^^^^^^^^^^^^^
  File "C:\ERP\backend\apps\reports\services.py", line 172, in get_dashboard_summary
    ).values('product__name').annotate(
                              ^^^^^^^^^
  File "C:\Users\ahmad\AppData\Local\Programs\Python\Python312\Lib\site-packages\django\db\models\query.py", line 1630, in annotate
    return self._annotate(args, kwargs, select=True)
           ^^^^^^^^^^^^^^^^^^^^^^^^^^^^^^^^^^^^^^^^^
  File "C:\Users\ahmad\AppData\Local\Programs\Python\Python312\Lib\site-packages\django\db\models\query.py", line 1680, in _annotate
    clone.query.add_annotation(
  File "C:\Users\ahmad\AppData\Local\Programs\Python\Python312\Lib\site-packages\django\db\models\sql\query.py", line 1198, in add_annotation
    annotation = annotation.resolve_expression(self, allow_joins=True, reuse=None)
                 ^^^^^^^^^^^^^^^^^^^^^^^^^^^^^^^^^^^^^^^^^^^^^^^^^^^^^^^^^^^^^^^^^
  File "C:\Users\ahmad\AppData\Local\Programs\Python\Python312\Lib\site-packages\django\db\models\aggregates.py", line 88, in resolve_expression
    raise FieldError(
django.core.exceptions.FieldError: Cannot compute Sum('<CombinedExpression: F(quantity) * F(unit_price)>'): '<CombinedExpression: F(quantity) * F(unit_price)>' is an aggregate
[2025-12-23 01:29:45] ERROR [apps.core.decorators:83] decorators._log_error
Message: Error in get_dashboard_summary: [FieldError] Cannot compute Sum('ExpressionWrapper(F(quantity) * F(unit_price))'): 'ExpressionWrapper(F(quantity) * F(unit_price))' is an aggregate
Process: 26088 | Thread: 30048
Traceback (most recent call last):
  File "C:\ERP\backend\apps\core\decorators.py", line 196, in wrapper
    return func(*args, **kwargs)
           ^^^^^^^^^^^^^^^^^^^^^
  File "C:\ERP\backend\apps\reports\services.py", line 172, in get_dashboard_summary
    ).values('product__name').annotate(
                              ^^^^^^^^^
  File "C:\Users\ahmad\AppData\Local\Programs\Python\Python312\Lib\site-packages\django\db\models\query.py", line 1630, in annotate
    return self._annotate(args, kwargs, select=True)
           ^^^^^^^^^^^^^^^^^^^^^^^^^^^^^^^^^^^^^^^^^
  File "C:\Users\ahmad\AppData\Local\Programs\Python\Python312\Lib\site-packages\django\db\models\query.py", line 1680, in _annotate
    clone.query.add_annotation(
  File "C:\Users\ahmad\AppData\Local\Programs\Python\Python312\Lib\site-packages\django\db\models\sql\query.py", line 1198, in add_annotation
    annotation = annotation.resolve_expression(self, allow_joins=True, reuse=None)
                 ^^^^^^^^^^^^^^^^^^^^^^^^^^^^^^^^^^^^^^^^^^^^^^^^^^^^^^^^^^^^^^^^^
  File "C:\Users\ahmad\AppData\Local\Programs\Python\Python312\Lib\site-packages\django\db\models\aggregates.py", line 88, in resolve_expression
    raise FieldError(
django.core.exceptions.FieldError: Cannot compute Sum('ExpressionWrapper(F(quantity) * F(unit_price))'): 'ExpressionWrapper(F(quantity) * F(unit_price))' is an aggregate
[2025-12-23 01:30:06] ERROR [apps.core.decorators:83] decorators._log_error
Message: Error in get_dashboard_summary: [FieldError] Cannot compute Sum('ExpressionWrapper(F(quantity) * F(unit_price))'): 'ExpressionWrapper(F(quantity) * F(unit_price))' is an aggregate
Process: 26088 | Thread: 17332
Traceback (most recent call last):
  File "C:\ERP\backend\apps\core\decorators.py", line 196, in wrapper
    return func(*args, **kwargs)
           ^^^^^^^^^^^^^^^^^^^^^
  File "C:\ERP\backend\apps\reports\services.py", line 172, in get_dashboard_summary
    ).values('product__name').annotate(
                              ^^^^^^^^^
  File "C:\Users\ahmad\AppData\Local\Programs\Python\Python312\Lib\site-packages\django\db\models\query.py", line 1630, in annotate
    return self._annotate(args, kwargs, select=True)
           ^^^^^^^^^^^^^^^^^^^^^^^^^^^^^^^^^^^^^^^^^
  File "C:\Users\ahmad\AppData\Local\Programs\Python\Python312\Lib\site-packages\django\db\models\query.py", line 1680, in _annotate
    clone.query.add_annotation(
  File "C:\Users\ahmad\AppData\Local\Programs\Python\Python312\Lib\site-packages\django\db\models\sql\query.py", line 1198, in add_annotation
    annotation = annotation.resolve_expression(self, allow_joins=True, reuse=None)
                 ^^^^^^^^^^^^^^^^^^^^^^^^^^^^^^^^^^^^^^^^^^^^^^^^^^^^^^^^^^^^^^^^^
  File "C:\Users\ahmad\AppData\Local\Programs\Python\Python312\Lib\site-packages\django\db\models\aggregates.py", line 88, in resolve_expression
    raise FieldError(
django.core.exceptions.FieldError: Cannot compute Sum('ExpressionWrapper(F(quantity) * F(unit_price))'): 'ExpressionWrapper(F(quantity) * F(unit_price))' is an aggregate
[2025-12-24 10:15:30] ERROR [django.request:241] log.log_response
Message: Internal Server Error: /admin/sales/invoice/add/
Process: 25484 | Thread: 14160
Traceback (most recent call last):
  File "C:\Users\ahmad\AppData\Local\Programs\Python\Python312\Lib\site-packages\django\db\models\options.py", line 681, in get_field
    return self.fields_map[field_name]
           ~~~~~~~~~~~~~~~^^^^^^^^^^^^
KeyError: 'subtotal'

During handling of the above exception, another exception occurred:

Traceback (most recent call last):
  File "C:\Users\ahmad\AppData\Local\Programs\Python\Python312\Lib\site-packages\django\contrib\admin\utils.py", line 289, in lookup_field
    f = _get_non_gfk_field(opts, name)
        ^^^^^^^^^^^^^^^^^^^^^^^^^^^^^^
  File "C:\Users\ahmad\AppData\Local\Programs\Python\Python312\Lib\site-packages\django\contrib\admin\utils.py", line 322, in _get_non_gfk_field
    field = opts.get_field(name)
            ^^^^^^^^^^^^^^^^^^^^
  File "C:\Users\ahmad\AppData\Local\Programs\Python\Python312\Lib\site-packages\django\db\models\options.py", line 683, in get_field
    raise FieldDoesNotExist(
django.core.exceptions.FieldDoesNotExist: InvoiceItem has no field named 'subtotal'

During handling of the above exception, another exception occurred:

Traceback (most recent call last):
  File "C:\Users\ahmad\AppData\Local\Programs\Python\Python312\Lib\site-packages\django\core\handlers\exception.py", line 55, in inner
    response = get_response(request)
               ^^^^^^^^^^^^^^^^^^^^^
  File "C:\Users\ahmad\AppData\Local\Programs\Python\Python312\Lib\site-packages\django\core\handlers\base.py", line 220, in _get_response
    response = response.render()
               ^^^^^^^^^^^^^^^^^
  File "C:\Users\ahmad\AppData\Local\Programs\Python\Python312\Lib\site-packages\django\template\response.py", line 114, in render
    self.content = self.rendered_content
                   ^^^^^^^^^^^^^^^^^^^^^
  File "C:\Users\ahmad\AppData\Local\Programs\Python\Python312\Lib\site-packages\django\template\response.py", line 92, in rendered_content
    return template.render(context, self._request)
           ^^^^^^^^^^^^^^^^^^^^^^^^^^^^^^^^^^^^^^^
  File "C:\Users\ahmad\AppData\Local\Programs\Python\Python312\Lib\site-packages\django\template\backends\django.py", line 61, in render
    return self.template.render(context)
           ^^^^^^^^^^^^^^^^^^^^^^^^^^^^^
  File "C:\Users\ahmad\AppData\Local\Programs\Python\Python312\Lib\site-packages\django\template\base.py", line 171, in render
    return self._render(context)
           ^^^^^^^^^^^^^^^^^^^^^
  File "C:\Users\ahmad\AppData\Local\Programs\Python\Python312\Lib\site-packages\django\template\base.py", line 163, in _render
    return self.nodelist.render(context)
           ^^^^^^^^^^^^^^^^^^^^^^^^^^^^^
  File "C:\Users\ahmad\AppData\Local\Programs\Python\Python312\Lib\site-packages\django\template\base.py", line 1000, in render
    return SafeString("".join([node.render_annotated(context) for node in self]))
                               ^^^^^^^^^^^^^^^^^^^^^^^^^^^^^^
  File "C:\Users\ahmad\AppData\Local\Programs\Python\Python312\Lib\site-packages\django\template\base.py", line 961, in render_annotated
    return self.render(context)
           ^^^^^^^^^^^^^^^^^^^^
  File "C:\Users\ahmad\AppData\Local\Programs\Python\Python312\Lib\site-packages\django\template\loader_tags.py", line 159, in render
    return compiled_parent._render(context)
           ^^^^^^^^^^^^^^^^^^^^^^^^^^^^^^^^
  File "C:\Users\ahmad\AppData\Local\Programs\Python\Python312\Lib\site-packages\django\template\base.py", line 163, in _render
    return self.nodelist.render(context)
           ^^^^^^^^^^^^^^^^^^^^^^^^^^^^^
  File "C:\Users\ahmad\AppData\Local\Programs\Python\Python312\Lib\site-packages\django\template\base.py", line 1000, in render
    return SafeString("".join([node.render_annotated(context) for node in self]))
                               ^^^^^^^^^^^^^^^^^^^^^^^^^^^^^^
  File "C:\Users\ahmad\AppData\Local\Programs\Python\Python312\Lib\site-packages\django\template\base.py", line 961, in render_annotated
    return self.render(context)
           ^^^^^^^^^^^^^^^^^^^^
  File "C:\Users\ahmad\AppData\Local\Programs\Python\Python312\Lib\site-packages\django\template\loader_tags.py", line 159, in render
    return compiled_parent._render(context)
           ^^^^^^^^^^^^^^^^^^^^^^^^^^^^^^^^
  File "C:\Users\ahmad\AppData\Local\Programs\Python\Python312\Lib\site-packages\django\template\base.py", line 163, in _render
    return self.nodelist.render(context)
           ^^^^^^^^^^^^^^^^^^^^^^^^^^^^^
  File "C:\Users\ahmad\AppData\Local\Programs\Python\Python312\Lib\site-packages\django\template\base.py", line 1000, in render
    return SafeString("".join([node.render_annotated(context) for node in self]))
                               ^^^^^^^^^^^^^^^^^^^^^^^^^^^^^^
  File "C:\Users\ahmad\AppData\Local\Programs\Python\Python312\Lib\site-packages\django\template\base.py", line 961, in render_annotated
    return self.render(context)
           ^^^^^^^^^^^^^^^^^^^^
  File "C:\Users\ahmad\AppData\Local\Programs\Python\Python312\Lib\site-packages\django\template\loader_tags.py", line 65, in render
    result = block.nodelist.render(context)
             ^^^^^^^^^^^^^^^^^^^^^^^^^^^^^^
  File "C:\Users\ahmad\AppData\Local\Programs\Python\Python312\Lib\site-packages\django\template\base.py", line 1000, in render
    return SafeString("".join([node.render_annotated(context) for node in self]))
                               ^^^^^^^^^^^^^^^^^^^^^^^^^^^^^^
  File "C:\Users\ahmad\AppData\Local\Programs\Python\Python312\Lib\site-packages\django\template\base.py", line 961, in render_annotated
    return self.render(context)
           ^^^^^^^^^^^^^^^^^^^^
  File "C:\Users\ahmad\AppData\Local\Programs\Python\Python312\Lib\site-packages\django\template\loader_tags.py", line 65, in render
    result = block.nodelist.render(context)
             ^^^^^^^^^^^^^^^^^^^^^^^^^^^^^^
  File "C:\Users\ahmad\AppData\Local\Programs\Python\Python312\Lib\site-packages\django\template\base.py", line 1000, in render
    return SafeString("".join([node.render_annotated(context) for node in self]))
                               ^^^^^^^^^^^^^^^^^^^^^^^^^^^^^^
  File "C:\Users\ahmad\AppData\Local\Programs\Python\Python312\Lib\site-packages\django\template\base.py", line 961, in render_annotated
    return self.render(context)
           ^^^^^^^^^^^^^^^^^^^^
  File "C:\Users\ahmad\AppData\Local\Programs\Python\Python312\Lib\site-packages\django\template\defaulttags.py", line 242, in render
    nodelist.append(node.render_annotated(context))
                    ^^^^^^^^^^^^^^^^^^^^^^^^^^^^^^
  File "C:\Users\ahmad\AppData\Local\Programs\Python\Python312\Lib\site-packages\django\template\base.py", line 961, in render_annotated
    return self.render(context)
           ^^^^^^^^^^^^^^^^^^^^
  File "C:\Users\ahmad\AppData\Local\Programs\Python\Python312\Lib\site-packages\django\template\loader_tags.py", line 210, in render
    return template.render(context)
           ^^^^^^^^^^^^^^^^^^^^^^^^
  File "C:\Users\ahmad\AppData\Local\Programs\Python\Python312\Lib\site-packages\django\template\base.py", line 173, in render
    return self._render(context)
           ^^^^^^^^^^^^^^^^^^^^^
  File "C:\Users\ahmad\AppData\Local\Programs\Python\Python312\Lib\site-packages\django\template\base.py", line 163, in _render
    return self.nodelist.render(context)
           ^^^^^^^^^^^^^^^^^^^^^^^^^^^^^
  File "C:\Users\ahmad\AppData\Local\Programs\Python\Python312\Lib\site-packages\django\template\base.py", line 1000, in render
    return SafeString("".join([node.render_annotated(context) for node in self]))
                               ^^^^^^^^^^^^^^^^^^^^^^^^^^^^^^
  File "C:\Users\ahmad\AppData\Local\Programs\Python\Python312\Lib\site-packages\django\template\base.py", line 961, in render_annotated
    return self.render(context)
           ^^^^^^^^^^^^^^^^^^^^
  File "C:\Users\ahmad\AppData\Local\Programs\Python\Python312\Lib\site-packages\django\template\defaulttags.py", line 242, in render
    nodelist.append(node.render_annotated(context))
                    ^^^^^^^^^^^^^^^^^^^^^^^^^^^^^^
  File "C:\Users\ahmad\AppData\Local\Programs\Python\Python312\Lib\site-packages\django\template\base.py", line 961, in render_annotated
    return self.render(context)
           ^^^^^^^^^^^^^^^^^^^^
  File "C:\Users\ahmad\AppData\Local\Programs\Python\Python312\Lib\site-packages\django\template\defaulttags.py", line 242, in render
    nodelist.append(node.render_annotated(context))
                    ^^^^^^^^^^^^^^^^^^^^^^^^^^^^^^
  File "C:\Users\ahmad\AppData\Local\Programs\Python\Python312\Lib\site-packages\django\template\base.py", line 961, in render_annotated
    return self.render(context)
           ^^^^^^^^^^^^^^^^^^^^
  File "C:\Users\ahmad\AppData\Local\Programs\Python\Python312\Lib\site-packages\django\template\defaulttags.py", line 242, in render
    nodelist.append(node.render_annotated(context))
                    ^^^^^^^^^^^^^^^^^^^^^^^^^^^^^^
  File "C:\Users\ahmad\AppData\Local\Programs\Python\Python312\Lib\site-packages\django\template\base.py", line 961, in render_annotated
    return self.render(context)
           ^^^^^^^^^^^^^^^^^^^^
  File "C:\Users\ahmad\AppData\Local\Programs\Python\Python312\Lib\site-packages\django\template\defaulttags.py", line 242, in render
    nodelist.append(node.render_annotated(context))
                    ^^^^^^^^^^^^^^^^^^^^^^^^^^^^^^
  File "C:\Users\ahmad\AppData\Local\Programs\Python\Python312\Lib\site-packages\django\template\base.py", line 961, in render_annotated
    return self.render(context)
           ^^^^^^^^^^^^^^^^^^^^
  File "C:\Users\ahmad\AppData\Local\Programs\Python\Python312\Lib\site-packages\django\template\defaulttags.py", line 326, in render
    return nodelist.render(context)
           ^^^^^^^^^^^^^^^^^^^^^^^^
  File "C:\Users\ahmad\AppData\Local\Programs\Python\Python312\Lib\site-packages\django\template\base.py", line 1000, in render
    return SafeString("".join([node.render_annotated(context) for node in self]))
                               ^^^^^^^^^^^^^^^^^^^^^^^^^^^^^^
  File "C:\Users\ahmad\AppData\Local\Programs\Python\Python312\Lib\site-packages\django\template\base.py", line 961, in render_annotated
    return self.render(context)
           ^^^^^^^^^^^^^^^^^^^^
  File "C:\Users\ahmad\AppData\Local\Programs\Python\Python312\Lib\site-packages\django\template\base.py", line 1059, in render
    output = self.filter_expression.resolve(context)
             ^^^^^^^^^^^^^^^^^^^^^^^^^^^^^^^^^^^^^^^
  File "C:\Users\ahmad\AppData\Local\Programs\Python\Python312\Lib\site-packages\django\template\base.py", line 710, in resolve
    obj = self.var.resolve(context)
          ^^^^^^^^^^^^^^^^^^^^^^^^^
  File "C:\Users\ahmad\AppData\Local\Programs\Python\Python312\Lib\site-packages\django\template\base.py", line 842, in resolve
    value = self._resolve_lookup(context)
            ^^^^^^^^^^^^^^^^^^^^^^^^^^^^^
  File "C:\Users\ahmad\AppData\Local\Programs\Python\Python312\Lib\site-packages\django\template\base.py", line 909, in _resolve_lookup
    current = current()
              ^^^^^^^^^
  File "C:\Users\ahmad\AppData\Local\Programs\Python\Python312\Lib\site-packages\django\contrib\admin\helpers.py", line 270, in contents
    f, attr, value = lookup_field(field, obj, model_admin)
                     ^^^^^^^^^^^^^^^^^^^^^^^^^^^^^^^^^^^^^
  File "C:\Users\ahmad\AppData\Local\Programs\Python\Python312\Lib\site-packages\django\contrib\admin\utils.py", line 300, in lookup_field
    attr = getattr(obj, name)
           ^^^^^^^^^^^^^^^^^^
  File "C:\ERP\backend\apps\sales\models.py", line 343, in subtotal
    return self.quantity * self.unit_price
           ~~~~~~~~~~~~~~^~~~~~~~~~~~~~~~~
TypeError: unsupported operand type(s) for *: 'NoneType' and 'NoneType'
[2025-12-24 19:15:11] ERROR [apps.core.decorators:83] decorators._log_error
Message: Error in get_dashboard_summary: [ProgrammingError] ('42S22', "[42S22] [Microsoft][ODBC Driver 17 for SQL Server][SQL Server]Invalid column name 'product_unit_id'. (207) (SQLExecDirectW); [42S22] [Microsoft][ODBC Driver 17 for SQL Server][SQL Server]Invalid column name 'base_quantity'. (207); [42S22] [Microsoft][ODBC Driver 17 for SQL Server][SQL Server]Statement(s) could not be prepared. (8180)")
Process: 21820 | Thread: 26896
Traceback (most recent call last):
  File "C:\Users\ahmad\AppData\Local\Programs\Python\Python312\Lib\site-packages\django\db\backends\utils.py", line 105, in _execute
    return self.cursor.execute(sql, params)
           ^^^^^^^^^^^^^^^^^^^^^^^^^^^^^^^^
  File "C:\Users\ahmad\AppData\Local\Programs\Python\Python312\Lib\site-packages\mssql\base.py", line 679, in execute
    return self.cursor.execute(sql, params)
           ^^^^^^^^^^^^^^^^^^^^^^^^^^^^^^^^
pyodbc.ProgrammingError: ('42S22', "[42S22] [Microsoft][ODBC Driver 17 for SQL Server][SQL Server]Invalid column name 'product_unit_id'. (207) (SQLExecDirectW); [42S22] [Microsoft][ODBC Driver 17 for SQL Server][SQL Server]Invalid column name 'base_quantity'. (207); [42S22] [Microsoft][ODBC Driver 17 for SQL Server][SQL Server]Statement(s) could not be prepared. (8180)")

The above exception was the direct cause of the following exception:

Traceback (most recent call last):
  File "C:\ERP\backend\apps\core\decorators.py", line 196, in wrapper
    return func(*args, **kwargs)
           ^^^^^^^^^^^^^^^^^^^^^
  File "C:\ERP\backend\apps\reports\services.py", line 92, in get_dashboard_summary
    revenue = sum(item.total for item in invoice_items)
                 ^^^^^^^^^^^^^^^^^^^^^^^^^^^^^^^^^^^^^^
  File "C:\Users\ahmad\AppData\Local\Programs\Python\Python312\Lib\site-packages\django\db\models\query.py", line 400, in __iter__
    self._fetch_all()
  File "C:\Users\ahmad\AppData\Local\Programs\Python\Python312\Lib\site-packages\django\db\models\query.py", line 1928, in _fetch_all
    self._result_cache = list(self._iterable_class(self))
                         ^^^^^^^^^^^^^^^^^^^^^^^^^^^^^^^^
  File "C:\Users\ahmad\AppData\Local\Programs\Python\Python312\Lib\site-packages\django\db\models\query.py", line 91, in __iter__
    results = compiler.execute_sql(
              ^^^^^^^^^^^^^^^^^^^^^
  File "C:\Users\ahmad\AppData\Local\Programs\Python\Python312\Lib\site-packages\django\db\models\sql\compiler.py", line 1562, in execute_sql
    cursor.execute(sql, params)
  File "C:\Users\ahmad\AppData\Local\Programs\Python\Python312\Lib\site-packages\django\db\backends\utils.py", line 122, in execute
    return super().execute(sql, params)
           ^^^^^^^^^^^^^^^^^^^^^^^^^^^^
  File "C:\Users\ahmad\AppData\Local\Programs\Python\Python312\Lib\site-packages\django\db\backends\utils.py", line 79, in execute
    return self._execute_with_wrappers(
           ^^^^^^^^^^^^^^^^^^^^^^^^^^^^
  File "C:\Users\ahmad\AppData\Local\Programs\Python\Python312\Lib\site-packages\django\db\backends\utils.py", line 92, in _execute_with_wrappers
    return executor(sql, params, many, context)
           ^^^^^^^^^^^^^^^^^^^^^^^^^^^^^^^^^^^^
  File "C:\Users\ahmad\AppData\Local\Programs\Python\Python312\Lib\site-packages\django\db\backends\utils.py", line 100, in _execute
    with self.db.wrap_database_errors:
  File "C:\Users\ahmad\AppData\Local\Programs\Python\Python312\Lib\site-packages\django\db\utils.py", line 91, in __exit__
    raise dj_exc_value.with_traceback(traceback) from exc_value
  File "C:\Users\ahmad\AppData\Local\Programs\Python\Python312\Lib\site-packages\django\db\backends\utils.py", line 105, in _execute
    return self.cursor.execute(sql, params)
           ^^^^^^^^^^^^^^^^^^^^^^^^^^^^^^^^
  File "C:\Users\ahmad\AppData\Local\Programs\Python\Python312\Lib\site-packages\mssql\base.py", line 679, in execute
    return self.cursor.execute(sql, params)
           ^^^^^^^^^^^^^^^^^^^^^^^^^^^^^^^^
django.db.utils.ProgrammingError: ('42S22', "[42S22] [Microsoft][ODBC Driver 17 for SQL Server][SQL Server]Invalid column name 'product_unit_id'. (207) (SQLExecDirectW); [42S22] [Microsoft][ODBC Driver 17 for SQL Server][SQL Server]Invalid column name 'base_quantity'. (207); [42S22] [Microsoft][ODBC Driver 17 for SQL Server][SQL Server]Statement(s) could not be prepared. (8180)")
[2025-12-24 19:15:11] ERROR [django.request:241] log.log_response
Message: Internal Server Error: /api/v1/reports/dashboard/
Process: 21820 | Thread: 26896
[2025-12-24 19:15:21] ERROR [apps.core.decorators:83] decorators._log_error
Message: Error in get_dashboard_summary: [ProgrammingError] ('42S22', "[42S22] [Microsoft][ODBC Driver 17 for SQL Server][SQL Server]Invalid column name 'product_unit_id'. (207) (SQLExecDirectW); [42S22] [Microsoft][ODBC Driver 17 for SQL Server][SQL Server]Invalid column name 'base_quantity'. (207); [42S22] [Microsoft][ODBC Driver 17 for SQL Server][SQL Server]Statement(s) could not be prepared. (8180)")
Process: 21820 | Thread: 2664
Traceback (most recent call last):
  File "C:\Users\ahmad\AppData\Local\Programs\Python\Python312\Lib\site-packages\django\db\backends\utils.py", line 105, in _execute
    return self.cursor.execute(sql, params)
           ^^^^^^^^^^^^^^^^^^^^^^^^^^^^^^^^
  File "C:\Users\ahmad\AppData\Local\Programs\Python\Python312\Lib\site-packages\mssql\base.py", line 679, in execute
    return self.cursor.execute(sql, params)
           ^^^^^^^^^^^^^^^^^^^^^^^^^^^^^^^^
pyodbc.ProgrammingError: ('42S22', "[42S22] [Microsoft][ODBC Driver 17 for SQL Server][SQL Server]Invalid column name 'product_unit_id'. (207) (SQLExecDirectW); [42S22] [Microsoft][ODBC Driver 17 for SQL Server][SQL Server]Invalid column name 'base_quantity'. (207); [42S22] [Microsoft][ODBC Driver 17 for SQL Server][SQL Server]Statement(s) could not be prepared. (8180)")

The above exception was the direct cause of the following exception:

Traceback (most recent call last):
  File "C:\ERP\backend\apps\core\decorators.py", line 196, in wrapper
    return func(*args, **kwargs)
           ^^^^^^^^^^^^^^^^^^^^^
  File "C:\ERP\backend\apps\reports\services.py", line 92, in get_dashboard_summary
    revenue = sum(item.total for item in invoice_items)
                 ^^^^^^^^^^^^^^^^^^^^^^^^^^^^^^^^^^^^^^
  File "C:\Users\ahmad\AppData\Local\Programs\Python\Python312\Lib\site-packages\django\db\models\query.py", line 400, in __iter__
    self._fetch_all()
  File "C:\Users\ahmad\AppData\Local\Programs\Python\Python312\Lib\site-packages\django\db\models\query.py", line 1928, in _fetch_all
    self._result_cache = list(self._iterable_class(self))
                         ^^^^^^^^^^^^^^^^^^^^^^^^^^^^^^^^
  File "C:\Users\ahmad\AppData\Local\Programs\Python\Python312\Lib\site-packages\django\db\models\query.py", line 91, in __iter__
    results = compiler.execute_sql(
              ^^^^^^^^^^^^^^^^^^^^^
  File "C:\Users\ahmad\AppData\Local\Programs\Python\Python312\Lib\site-packages\django\db\models\sql\compiler.py", line 1562, in execute_sql
    cursor.execute(sql, params)
  File "C:\Users\ahmad\AppData\Local\Programs\Python\Python312\Lib\site-packages\django\db\backends\utils.py", line 122, in execute
    return super().execute(sql, params)
           ^^^^^^^^^^^^^^^^^^^^^^^^^^^^
  File "C:\Users\ahmad\AppData\Local\Programs\Python\Python312\Lib\site-packages\django\db\backends\utils.py", line 79, in execute
    return self._execute_with_wrappers(
           ^^^^^^^^^^^^^^^^^^^^^^^^^^^^
  File "C:\Users\ahmad\AppData\Local\Programs\Python\Python312\Lib\site-packages\django\db\backends\utils.py", line 92, in _execute_with_wrappers
    return executor(sql, params, many, context)
           ^^^^^^^^^^^^^^^^^^^^^^^^^^^^^^^^^^^^
  File "C:\Users\ahmad\AppData\Local\Programs\Python\Python312\Lib\site-packages\django\db\backends\utils.py", line 100, in _execute
    with self.db.wrap_database_errors:
  File "C:\Users\ahmad\AppData\Local\Programs\Python\Python312\Lib\site-packages\django\db\utils.py", line 91, in __exit__
    raise dj_exc_value.with_traceback(traceback) from exc_value
  File "C:\Users\ahmad\AppData\Local\Programs\Python\Python312\Lib\site-packages\django\db\backends\utils.py", line 105, in _execute
    return self.cursor.execute(sql, params)
           ^^^^^^^^^^^^^^^^^^^^^^^^^^^^^^^^
  File "C:\Users\ahmad\AppData\Local\Programs\Python\Python312\Lib\site-packages\mssql\base.py", line 679, in execute
    return self.cursor.execute(sql, params)
           ^^^^^^^^^^^^^^^^^^^^^^^^^^^^^^^^
django.db.utils.ProgrammingError: ('42S22', "[42S22] [Microsoft][ODBC Driver 17 for SQL Server][SQL Server]Invalid column name 'product_unit_id'. (207) (SQLExecDirectW); [42S22] [Microsoft][ODBC Driver 17 for SQL Server][SQL Server]Invalid column name 'base_quantity'. (207); [42S22] [Microsoft][ODBC Driver 17 for SQL Server][SQL Server]Statement(s) could not be prepared. (8180)")
[2025-12-24 19:15:21] ERROR [django.request:241] log.log_response
Message: Internal Server Error: /api/v1/reports/dashboard/
Process: 21820 | Thread: 2664
[2025-12-24 19:22:53] ERROR [django.request:241] log.log_response
Message: Internal Server Error: /api/v1/inventory/products/
Process: 8540 | Thread: 8368
Traceback (most recent call last):
  File "C:\Users\ahmad\AppData\Local\Programs\Python\Python312\Lib\site-packages\django\core\handlers\exception.py", line 55, in inner
    response = get_response(request)
               ^^^^^^^^^^^^^^^^^^^^^
  File "C:\Users\ahmad\AppData\Local\Programs\Python\Python312\Lib\site-packages\django\core\handlers\base.py", line 197, in _get_response
    response = wrapped_callback(request, *callback_args, **callback_kwargs)
               ^^^^^^^^^^^^^^^^^^^^^^^^^^^^^^^^^^^^^^^^^^^^^^^^^^^^^^^^^^^^
  File "C:\Users\ahmad\AppData\Local\Programs\Python\Python312\Lib\site-packages\django\views\decorators\csrf.py", line 65, in _view_wrapper
    return view_func(request, *args, **kwargs)
           ^^^^^^^^^^^^^^^^^^^^^^^^^^^^^^^^^^^
  File "C:\Users\ahmad\AppData\Local\Programs\Python\Python312\Lib\site-packages\rest_framework\viewsets.py", line 125, in view
    return self.dispatch(request, *args, **kwargs)
           ^^^^^^^^^^^^^^^^^^^^^^^^^^^^^^^^^^^^^^^
  File "C:\Users\ahmad\AppData\Local\Programs\Python\Python312\Lib\site-packages\rest_framework\views.py", line 515, in dispatch
    response = self.handle_exception(exc)
               ^^^^^^^^^^^^^^^^^^^^^^^^^^
  File "C:\Users\ahmad\AppData\Local\Programs\Python\Python312\Lib\site-packages\rest_framework\views.py", line 475, in handle_exception
    self.raise_uncaught_exception(exc)
  File "C:\Users\ahmad\AppData\Local\Programs\Python\Python312\Lib\site-packages\rest_framework\views.py", line 486, in raise_uncaught_exception
    raise exc
  File "C:\Users\ahmad\AppData\Local\Programs\Python\Python312\Lib\site-packages\rest_framework\views.py", line 512, in dispatch
    response = handler(request, *args, **kwargs)
               ^^^^^^^^^^^^^^^^^^^^^^^^^^^^^^^^^
  File "C:\Users\ahmad\AppData\Local\Programs\Python\Python312\Lib\site-packages\rest_framework\mixins.py", line 18, in create
    serializer.is_valid(raise_exception=True)
  File "C:\Users\ahmad\AppData\Local\Programs\Python\Python312\Lib\site-packages\rest_framework\serializers.py", line 225, in is_valid
    self._validated_data = self.run_validation(self.initial_data)
                           ^^^^^^^^^^^^^^^^^^^^^^^^^^^^^^^^^^^^^^
  File "C:\Users\ahmad\AppData\Local\Programs\Python\Python312\Lib\site-packages\rest_framework\serializers.py", line 447, in run_validation
    value = self.validate(value)
            ^^^^^^^^^^^^^^^^^^^^
  File "C:\ERP\backend\apps\inventory\serializers.py", line 569, in validate
    default_unit = Unit.objects.filter(
                   ^^^^^^^^^^^^^^^^^^^^
  File "C:\Users\ahmad\AppData\Local\Programs\Python\Python312\Lib\site-packages\django\db\models\manager.py", line 87, in manager_method
    return getattr(self.get_queryset(), name)(*args, **kwargs)
           ^^^^^^^^^^^^^^^^^^^^^^^^^^^^^^^^^^^^^^^^^^^^^^^^^^^
  File "C:\Users\ahmad\AppData\Local\Programs\Python\Python312\Lib\site-packages\django\db\models\query.py", line 1476, in filter
    return self._filter_or_exclude(False, args, kwargs)
           ^^^^^^^^^^^^^^^^^^^^^^^^^^^^^^^^^^^^^^^^^^^^
  File "C:\Users\ahmad\AppData\Local\Programs\Python\Python312\Lib\site-packages\django\db\models\query.py", line 1494, in _filter_or_exclude
    clone._filter_or_exclude_inplace(negate, args, kwargs)
  File "C:\Users\ahmad\AppData\Local\Programs\Python\Python312\Lib\site-packages\django\db\models\query.py", line 1501, in _filter_or_exclude_inplace
    self._query.add_q(Q(*args, **kwargs))
  File "C:\Users\ahmad\AppData\Local\Programs\Python\Python312\Lib\site-packages\django\db\models\sql\query.py", line 1613, in add_q
    clause, _ = self._add_q(q_object, self.used_aliases)
                ^^^^^^^^^^^^^^^^^^^^^^^^^^^^^^^^^^^^^^^^
  File "C:\Users\ahmad\AppData\Local\Programs\Python\Python312\Lib\site-packages\django\db\models\sql\query.py", line 1645, in _add_q
    child_clause, needed_inner = self.build_filter(
                                 ^^^^^^^^^^^^^^^^^^
  File "C:\Users\ahmad\AppData\Local\Programs\Python\Python312\Lib\site-packages\django\db\models\sql\query.py", line 1495, in build_filter
    lookups, parts, reffed_expression = self.solve_lookup_type(arg, summarize)
                                        ^^^^^^^^^^^^^^^^^^^^^^^^^^^^^^^^^^^^^^
  File "C:\Users\ahmad\AppData\Local\Programs\Python\Python312\Lib\site-packages\django\db\models\sql\query.py", line 1307, in solve_lookup_type
    _, field, _, lookup_parts = self.names_to_path(lookup_splitted, self.get_meta())
                                ^^^^^^^^^^^^^^^^^^^^^^^^^^^^^^^^^^^^^^^^^^^^^^^^^^^^
  File "C:\Users\ahmad\AppData\Local\Programs\Python\Python312\Lib\site-packages\django\db\models\sql\query.py", line 1772, in names_to_path
    raise FieldError(
django.core.exceptions.FieldError: Cannot resolve keyword 'is_base' into field. Choices are: created_at, created_by, created_by_id, deleted_at, deleted_by, deleted_by_id, id, is_active, is_deleted, name, name_en, product_units, products, symbol, updated_at, updated_by, updated_by_id
