{"timestamp": "2025-12-22T22:47:56", "level": "ERROR", "logger": "apps.core.decorators", "module": "decorators", "function": "_log_error", "line": 83, "message": "Error in get_sales_report: [FieldError] Cannot compute Sum('<CombinedExpression: F(quantity) * F(unit_price)>'): '<CombinedExpression: F(quantity) * F(unit_price)>' is an aggregate"}
Traceback (most recent call last):
  File "C:\ERP\backend\apps\core\decorators.py", line 196, in wrapper
    return func(*args, **kwargs)
           ^^^^^^^^^^^^^^^^^^^^^
  File "C:\ERP\backend\apps\reports\services.py", line 212, in get_sales_report
    ).values('product__name').annotate(
                              ^^^^^^^^^
  File "C:\Users\ahmad\AppData\Local\Programs\Python\Python312\Lib\site-packages\django\db\models\query.py", line 1630, in annotate
    return self._annotate(args, kwargs, select=True)
           ^^^^^^^^^^^^^^^^^^^^^^^^^^^^^^^^^^^^^^^^^
  File "C:\Users\ahmad\AppData\Local\Programs\Python\Python312\Lib\site-packages\django\db\models\query.py", line 1680, in _annotate
    clone.query.add_annotation(
  File "C:\Users\ahmad\AppData\Local\Programs\Python\Python312\Lib\site-packages\django\db\models\sql\query.py", line 1198, in add_annotation
    annotation = annotation.resolve_expression(self, allow_joins=True, reuse=None)
                 ^^^^^^^^^^^^^^^^^^^^^^^^^^^^^^^^^^^^^^^^^^^^^^^^^^^^^^^^^^^^^^^^^
  File "C:\Users\ahmad\AppData\Local\Programs\Python\Python312\Lib\site-packages\django\db\models\aggregates.py", line 88, in resolve_expression
    raise FieldError(
django.core.exceptions.FieldError: Cannot compute Sum('<CombinedExpression: F(quantity) * F(unit_price)>'): '<CombinedExpression: F(quantity) * F(unit_price)>' is an aggregate
{"timestamp": "2025-12-22T22:47:58", "level": "ERROR", "logger": "apps.core.decorators", "module": "decorators", "function": "_log_error", "line": 83, "message": "Error in get_sales_report: [FieldError] Cannot compute Sum('<CombinedExpression: F(quantity) * F(unit_price)>'): '<CombinedExpression: F(quantity) * F(unit_price)>' is an aggregate"}
Traceback (most recent call last):
  File "C:\ERP\backend\apps\core\decorators.py", line 196, in wrapper
    return func(*args, **kwargs)
           ^^^^^^^^^^^^^^^^^^^^^
  File "C:\ERP\backend\apps\reports\services.py", line 212, in get_sales_report
    ).values('product__name').annotate(
                              ^^^^^^^^^
  File "C:\Users\ahmad\AppData\Local\Programs\Python\Python312\Lib\site-packages\django\db\models\query.py", line 1630, in annotate
    return self._annotate(args, kwargs, select=True)
           ^^^^^^^^^^^^^^^^^^^^^^^^^^^^^^^^^^^^^^^^^
  File "C:\Users\ahmad\AppData\Local\Programs\Python\Python312\Lib\site-packages\django\db\models\query.py", line 1680, in _annotate
    clone.query.add_annotation(
  File "C:\Users\ahmad\AppData\Local\Programs\Python\Python312\Lib\site-packages\django\db\models\sql\query.py", line 1198, in add_annotation
    annotation = annotation.resolve_expression(self, allow_joins=True, reuse=None)
                 ^^^^^^^^^^^^^^^^^^^^^^^^^^^^^^^^^^^^^^^^^^^^^^^^^^^^^^^^^^^^^^^^^
  File "C:\Users\ahmad\AppData\Local\Programs\Python\Python312\Lib\site-packages\django\db\models\aggregates.py", line 88, in resolve_expression
    raise FieldError(
django.core.exceptions.FieldError: Cannot compute Sum('<CombinedExpression: F(quantity) * F(unit_price)>'): '<CombinedExpression: F(quantity) * F(unit_price)>' is an aggregate
{"timestamp": "2025-12-22T22:48:02", "level": "ERROR", "logger": "apps.core.decorators", "module": "decorators", "function": "_log_error", "line": 83, "message": "Error in get_sales_report: [FieldError] Cannot compute Sum('<CombinedExpression: F(quantity) * F(unit_price)>'): '<CombinedExpression: F(quantity) * F(unit_price)>' is an aggregate"}
Traceback (most recent call last):
  File "C:\ERP\backend\apps\core\decorators.py", line 196, in wrapper
    return func(*args, **kwargs)
           ^^^^^^^^^^^^^^^^^^^^^
  File "C:\ERP\backend\apps\reports\services.py", line 212, in get_sales_report
    ).values('product__name').annotate(
                              ^^^^^^^^^
  File "C:\Users\ahmad\AppData\Local\Programs\Python\Python312\Lib\site-packages\django\db\models\query.py", line 1630, in annotate
    return self._annotate(args, kwargs, select=True)
           ^^^^^^^^^^^^^^^^^^^^^^^^^^^^^^^^^^^^^^^^^
  File "C:\Users\ahmad\AppData\Local\Programs\Python\Python312\Lib\site-packages\django\db\models\query.py", line 1680, in _annotate
    clone.query.add_annotation(
  File "C:\Users\ahmad\AppData\Local\Programs\Python\Python312\Lib\site-packages\django\db\models\sql\query.py", line 1198, in add_annotation
    annotation = annotation.resolve_expression(self, allow_joins=True, reuse=None)
                 ^^^^^^^^^^^^^^^^^^^^^^^^^^^^^^^^^^^^^^^^^^^^^^^^^^^^^^^^^^^^^^^^^
  File "C:\Users\ahmad\AppData\Local\Programs\Python\Python312\Lib\site-packages\django\db\models\aggregates.py", line 88, in resolve_expression
    raise FieldError(
django.core.exceptions.FieldError: Cannot compute Sum('<CombinedExpression: F(quantity) * F(unit_price)>'): '<CombinedExpression: F(quantity) * F(unit_price)>' is an aggregate
{"timestamp": "2025-12-22T22:48:04", "level": "ERROR", "logger": "apps.core.decorators", "module": "decorators", "function": "_log_error", "line": 83, "message": "Error in get_sales_report: [FieldError] Cannot compute Sum('<CombinedExpression: F(quantity) * F(unit_price)>'): '<CombinedExpression: F(quantity) * F(unit_price)>' is an aggregate"}
Traceback (most recent call last):
  File "C:\ERP\backend\apps\core\decorators.py", line 196, in wrapper
    return func(*args, **kwargs)
           ^^^^^^^^^^^^^^^^^^^^^
  File "C:\ERP\backend\apps\reports\services.py", line 212, in get_sales_report
    ).values('product__name').annotate(
                              ^^^^^^^^^
  File "C:\Users\ahmad\AppData\Local\Programs\Python\Python312\Lib\site-packages\django\db\models\query.py", line 1630, in annotate
    return self._annotate(args, kwargs, select=True)
           ^^^^^^^^^^^^^^^^^^^^^^^^^^^^^^^^^^^^^^^^^
  File "C:\Users\ahmad\AppData\Local\Programs\Python\Python312\Lib\site-packages\django\db\models\query.py", line 1680, in _annotate
    clone.query.add_annotation(
  File "C:\Users\ahmad\AppData\Local\Programs\Python\Python312\Lib\site-packages\django\db\models\sql\query.py", line 1198, in add_annotation
    annotation = annotation.resolve_expression(self, allow_joins=True, reuse=None)
                 ^^^^^^^^^^^^^^^^^^^^^^^^^^^^^^^^^^^^^^^^^^^^^^^^^^^^^^^^^^^^^^^^^
  File "C:\Users\ahmad\AppData\Local\Programs\Python\Python312\Lib\site-packages\django\db\models\aggregates.py", line 88, in resolve_expression
    raise FieldError(
django.core.exceptions.FieldError: Cannot compute Sum('<CombinedExpression: F(quantity) * F(unit_price)>'): '<CombinedExpression: F(quantity) * F(unit_price)>' is an aggregate
{"timestamp": "2025-12-23T00:27:04", "level": "ERROR", "logger": "apps.core.decorators", "module": "decorators", "function": "_log_error", "line": 83, "message": "Error in get_sales_report: [FieldError] Cannot compute Sum('<CombinedExpression: F(quantity) * F(unit_price)>'): '<CombinedExpression: F(quantity) * F(unit_price)>' is an aggregate"}
Traceback (most recent call last):
  File "C:\ERP\backend\apps\core\decorators.py", line 196, in wrapper
    return func(*args, **kwargs)
           ^^^^^^^^^^^^^^^^^^^^^
  File "C:\ERP\backend\apps\reports\services.py", line 212, in get_sales_report
    ).values('product__name').annotate(
                              ^^^^^^^^^
  File "C:\Users\ahmad\AppData\Local\Programs\Python\Python312\Lib\site-packages\django\db\models\query.py", line 1630, in annotate
    return self._annotate(args, kwargs, select=True)
           ^^^^^^^^^^^^^^^^^^^^^^^^^^^^^^^^^^^^^^^^^
  File "C:\Users\ahmad\AppData\Local\Programs\Python\Python312\Lib\site-packages\django\db\models\query.py", line 1680, in _annotate
    clone.query.add_annotation(
  File "C:\Users\ahmad\AppData\Local\Programs\Python\Python312\Lib\site-packages\django\db\models\sql\query.py", line 1198, in add_annotation
    annotation = annotation.resolve_expression(self, allow_joins=True, reuse=None)
                 ^^^^^^^^^^^^^^^^^^^^^^^^^^^^^^^^^^^^^^^^^^^^^^^^^^^^^^^^^^^^^^^^^
  File "C:\Users\ahmad\AppData\Local\Programs\Python\Python312\Lib\site-packages\django\db\models\aggregates.py", line 88, in resolve_expression
    raise FieldError(
django.core.exceptions.FieldError: Cannot compute Sum('<CombinedExpression: F(quantity) * F(unit_price)>'): '<CombinedExpression: F(quantity) * F(unit_price)>' is an aggregate
{"timestamp": "2025-12-23T00:27:06", "level": "ERROR", "logger": "apps.core.decorators", "module": "decorators", "function": "_log_error", "line": 83, "message": "Error in get_sales_report: [FieldError] Cannot compute Sum('<CombinedExpression: F(quantity) * F(unit_price)>'): '<CombinedExpression: F(quantity) * F(unit_price)>' is an aggregate"}
Traceback (most recent call last):
  File "C:\ERP\backend\apps\core\decorators.py", line 196, in wrapper
    return func(*args, **kwargs)
           ^^^^^^^^^^^^^^^^^^^^^
  File "C:\ERP\backend\apps\reports\services.py", line 212, in get_sales_report
    ).values('product__name').annotate(
                              ^^^^^^^^^
  File "C:\Users\ahmad\AppData\Local\Programs\Python\Python312\Lib\site-packages\django\db\models\query.py", line 1630, in annotate
    return self._annotate(args, kwargs, select=True)
           ^^^^^^^^^^^^^^^^^^^^^^^^^^^^^^^^^^^^^^^^^
  File "C:\Users\ahmad\AppData\Local\Programs\Python\Python312\Lib\site-packages\django\db\models\query.py", line 1680, in _annotate
    clone.query.add_annotation(
  File "C:\Users\ahmad\AppData\Local\Programs\Python\Python312\Lib\site-packages\django\db\models\sql\query.py", line 1198, in add_annotation
    annotation = annotation.resolve_expression(self, allow_joins=True, reuse=None)
                 ^^^^^^^^^^^^^^^^^^^^^^^^^^^^^^^^^^^^^^^^^^^^^^^^^^^^^^^^^^^^^^^^^
  File "C:\Users\ahmad\AppData\Local\Programs\Python\Python312\Lib\site-packages\django\db\models\aggregates.py", line 88, in resolve_expression
    raise FieldError(
django.core.exceptions.FieldError: Cannot compute Sum('<CombinedExpression: F(quantity) * F(unit_price)>'): '<CombinedExpression: F(quantity) * F(unit_price)>' is an aggregate
{"timestamp": "2025-12-23T01:27:50", "level": "ERROR", "logger": "apps.core.decorators", "module": "decorators", "function": "_log_error", "line": 83, "message": "Error in get_dashboard_summary: [FieldError] Cannot compute Sum('<CombinedExpression: F(quantity) * F(unit_price)>'): '<CombinedExpression: F(quantity) * F(unit_price)>' is an aggregate"}
Traceback (most recent call last):
  File "C:\ERP\backend\apps\core\decorators.py", line 196, in wrapper
    return func(*args, **kwargs)
           ^^^^^^^^^^^^^^^^^^^^^
  File "C:\ERP\backend\apps\reports\services.py", line 172, in get_dashboard_summary
    ).values('product__name').annotate(
                              ^^^^^^^^^
  File "C:\Users\ahmad\AppData\Local\Programs\Python\Python312\Lib\site-packages\django\db\models\query.py", line 1630, in annotate
    return self._annotate(args, kwargs, select=True)
           ^^^^^^^^^^^^^^^^^^^^^^^^^^^^^^^^^^^^^^^^^
  File "C:\Users\ahmad\AppData\Local\Programs\Python\Python312\Lib\site-packages\django\db\models\query.py", line 1680, in _annotate
    clone.query.add_annotation(
  File "C:\Users\ahmad\AppData\Local\Programs\Python\Python312\Lib\site-packages\django\db\models\sql\query.py", line 1198, in add_annotation
    annotation = annotation.resolve_expression(self, allow_joins=True, reuse=None)
                 ^^^^^^^^^^^^^^^^^^^^^^^^^^^^^^^^^^^^^^^^^^^^^^^^^^^^^^^^^^^^^^^^^
  File "C:\Users\ahmad\AppData\Local\Programs\Python\Python312\Lib\site-packages\django\db\models\aggregates.py", line 88, in resolve_expression
    raise FieldError(
django.core.exceptions.FieldError: Cannot compute Sum('<CombinedExpression: F(quantity) * F(unit_price)>'): '<CombinedExpression: F(quantity) * F(unit_price)>' is an aggregate
{"timestamp": "2025-12-23T01:28:03", "level": "ERROR", "logger": "apps.core.decorators", "module": "decorators", "function": "_log_error", "line": 83, "message": "Error in get_dashboard_summary: [FieldError] Cannot compute Sum('<CombinedExpression: F(quantity) * F(unit_price)>'): '<CombinedExpression: F(quantity) * F(unit_price)>' is an aggregate"}
Traceback (most recent call last):
  File "C:\ERP\backend\apps\core\decorators.py", line 196, in wrapper
    return func(*args, **kwargs)
           ^^^^^^^^^^^^^^^^^^^^^
  File "C:\ERP\backend\apps\reports\services.py", line 172, in get_dashboard_summary
    ).values('product__name').annotate(
                              ^^^^^^^^^
  File "C:\Users\ahmad\AppData\Local\Programs\Python\Python312\Lib\site-packages\django\db\models\query.py", line 1630, in annotate
    return self._annotate(args, kwargs, select=True)
           ^^^^^^^^^^^^^^^^^^^^^^^^^^^^^^^^^^^^^^^^^
  File "C:\Users\ahmad\AppData\Local\Programs\Python\Python312\Lib\site-packages\django\db\models\query.py", line 1680, in _annotate
    clone.query.add_annotation(
  File "C:\Users\ahmad\AppData\Local\Programs\Python\Python312\Lib\site-packages\django\db\models\sql\query.py", line 1198, in add_annotation
    annotation = annotation.resolve_expression(self, allow_joins=True, reuse=None)
                 ^^^^^^^^^^^^^^^^^^^^^^^^^^^^^^^^^^^^^^^^^^^^^^^^^^^^^^^^^^^^^^^^^
  File "C:\Users\ahmad\AppData\Local\Programs\Python\Python312\Lib\site-packages\django\db\models\aggregates.py", line 88, in resolve_expression
    raise FieldError(
django.core.exceptions.FieldError: Cannot compute Sum('<CombinedExpression: F(quantity) * F(unit_price)>'): '<CombinedExpression: F(quantity) * F(unit_price)>' is an aggregate
{"timestamp": "2025-12-23T01:29:45", "level": "ERROR", "logger": "apps.core.decorators", "module": "decorators", "function": "_log_error", "line": 83, "message": "Error in get_dashboard_summary: [FieldError] Cannot compute Sum('ExpressionWrapper(F(quantity) * F(unit_price))'): 'ExpressionWrapper(F(quantity) * F(unit_price))' is an aggregate"}
Traceback (most recent call last):
  File "C:\ERP\backend\apps\core\decorators.py", line 196, in wrapper
    return func(*args, **kwargs)
           ^^^^^^^^^^^^^^^^^^^^^
  File "C:\ERP\backend\apps\reports\services.py", line 172, in get_dashboard_summary
    ).values('product__name').annotate(
                              ^^^^^^^^^
  File "C:\Users\ahmad\AppData\Local\Programs\Python\Python312\Lib\site-packages\django\db\models\query.py", line 1630, in annotate
    return self._annotate(args, kwargs, select=True)
           ^^^^^^^^^^^^^^^^^^^^^^^^^^^^^^^^^^^^^^^^^
  File "C:\Users\ahmad\AppData\Local\Programs\Python\Python312\Lib\site-packages\django\db\models\query.py", line 1680, in _annotate
    clone.query.add_annotation(
  File "C:\Users\ahmad\AppData\Local\Programs\Python\Python312\Lib\site-packages\django\db\models\sql\query.py", line 1198, in add_annotation
    annotation = annotation.resolve_expression(self, allow_joins=True, reuse=None)
                 ^^^^^^^^^^^^^^^^^^^^^^^^^^^^^^^^^^^^^^^^^^^^^^^^^^^^^^^^^^^^^^^^^
  File "C:\Users\ahmad\AppData\Local\Programs\Python\Python312\Lib\site-packages\django\db\models\aggregates.py", line 88, in resolve_expression
    raise FieldError(
django.core.exceptions.FieldError: Cannot compute Sum('ExpressionWrapper(F(quantity) * F(unit_price))'): 'ExpressionWrapper(F(quantity) * F(unit_price))' is an aggregate
{"timestamp": "2025-12-23T01:30:06", "level": "ERROR", "logger": "apps.core.decorators", "module": "decorators", "function": "_log_error", "line": 83, "message": "Error in get_dashboard_summary: [FieldError] Cannot compute Sum('ExpressionWrapper(F(quantity) * F(unit_price))'): 'ExpressionWrapper(F(quantity) * F(unit_price))' is an aggregate"}
Traceback (most recent call last):
  File "C:\ERP\backend\apps\core\decorators.py", line 196, in wrapper
    return func(*args, **kwargs)
           ^^^^^^^^^^^^^^^^^^^^^
  File "C:\ERP\backend\apps\reports\services.py", line 172, in get_dashboard_summary
    ).values('product__name').annotate(
                              ^^^^^^^^^
  File "C:\Users\ahmad\AppData\Local\Programs\Python\Python312\Lib\site-packages\django\db\models\query.py", line 1630, in annotate
    return self._annotate(args, kwargs, select=True)
           ^^^^^^^^^^^^^^^^^^^^^^^^^^^^^^^^^^^^^^^^^
  File "C:\Users\ahmad\AppData\Local\Programs\Python\Python312\Lib\site-packages\django\db\models\query.py", line 1680, in _annotate
    clone.query.add_annotation(
  File "C:\Users\ahmad\AppData\Local\Programs\Python\Python312\Lib\site-packages\django\db\models\sql\query.py", line 1198, in add_annotation
    annotation = annotation.resolve_expression(self, allow_joins=True, reuse=None)
                 ^^^^^^^^^^^^^^^^^^^^^^^^^^^^^^^^^^^^^^^^^^^^^^^^^^^^^^^^^^^^^^^^^
  File "C:\Users\ahmad\AppData\Local\Programs\Python\Python312\Lib\site-packages\django\db\models\aggregates.py", line 88, in resolve_expression
    raise FieldError(
django.core.exceptions.FieldError: Cannot compute Sum('ExpressionWrapper(F(quantity) * F(unit_price))'): 'ExpressionWrapper(F(quantity) * F(unit_price))' is an aggregate
{"timestamp": "2025-12-24T19:15:11", "level": "ERROR", "logger": "apps.core.decorators", "module": "decorators", "function": "_log_error", "line": 83, "message": "Error in get_dashboard_summary: [ProgrammingError] ('42S22', "[42S22] [Microsoft][ODBC Driver 17 for SQL Server][SQL Server]Invalid column name 'product_unit_id'. (207) (SQLExecDirectW); [42S22] [Microsoft][ODBC Driver 17 for SQL Server][SQL Server]Invalid column name 'base_quantity'. (207); [42S22] [Microsoft][ODBC Driver 17 for SQL Server][SQL Server]Statement(s) could not be prepared. (8180)")"}
Traceback (most recent call last):
  File "C:\Users\ahmad\AppData\Local\Programs\Python\Python312\Lib\site-packages\django\db\backends\utils.py", line 105, in _execute
    return self.cursor.execute(sql, params)
           ^^^^^^^^^^^^^^^^^^^^^^^^^^^^^^^^
  File "C:\Users\ahmad\AppData\Local\Programs\Python\Python312\Lib\site-packages\mssql\base.py", line 679, in execute
    return self.cursor.execute(sql, params)
           ^^^^^^^^^^^^^^^^^^^^^^^^^^^^^^^^
pyodbc.ProgrammingError: ('42S22', "[42S22] [Microsoft][ODBC Driver 17 for SQL Server][SQL Server]Invalid column name 'product_unit_id'. (207) (SQLExecDirectW); [42S22] [Microsoft][ODBC Driver 17 for SQL Server][SQL Server]Invalid column name 'base_quantity'. (207); [42S22] [Microsoft][ODBC Driver 17 for SQL Server][SQL Server]Statement(s) could not be prepared. (8180)")

The above exception was the direct cause of the following exception:

Traceback (most recent call last):
  File "C:\ERP\backend\apps\core\decorators.py", line 196, in wrapper
    return func(*args, **kwargs)
           ^^^^^^^^^^^^^^^^^^^^^
  File "C:\ERP\backend\apps\reports\services.py", line 92, in get_dashboard_summary
    revenue = sum(item.total for item in invoice_items)
                 ^^^^^^^^^^^^^^^^^^^^^^^^^^^^^^^^^^^^^^
  File "C:\Users\ahmad\AppData\Local\Programs\Python\Python312\Lib\site-packages\django\db\models\query.py", line 400, in __iter__
    self._fetch_all()
  File "C:\Users\ahmad\AppData\Local\Programs\Python\Python312\Lib\site-packages\django\db\models\query.py", line 1928, in _fetch_all
    self._result_cache = list(self._iterable_class(self))
                         ^^^^^^^^^^^^^^^^^^^^^^^^^^^^^^^^
  File "C:\Users\ahmad\AppData\Local\Programs\Python\Python312\Lib\site-packages\django\db\models\query.py", line 91, in __iter__
    results = compiler.execute_sql(
              ^^^^^^^^^^^^^^^^^^^^^
  File "C:\Users\ahmad\AppData\Local\Programs\Python\Python312\Lib\site-packages\django\db\models\sql\compiler.py", line 1562, in execute_sql
    cursor.execute(sql, params)
  File "C:\Users\ahmad\AppData\Local\Programs\Python\Python312\Lib\site-packages\django\db\backends\utils.py", line 122, in execute
    return super().execute(sql, params)
           ^^^^^^^^^^^^^^^^^^^^^^^^^^^^
  File "C:\Users\ahmad\AppData\Local\Programs\Python\Python312\Lib\site-packages\django\db\backends\utils.py", line 79, in execute
    return self._execute_with_wrappers(
           ^^^^^^^^^^^^^^^^^^^^^^^^^^^^
  File "C:\Users\ahmad\AppData\Local\Programs\Python\Python312\Lib\site-packages\django\db\backends\utils.py", line 92, in _execute_with_wrappers
    return executor(sql, params, many, context)
           ^^^^^^^^^^^^^^^^^^^^^^^^^^^^^^^^^^^^
  File "C:\Users\ahmad\AppData\Local\Programs\Python\Python312\Lib\site-packages\django\db\backends\utils.py", line 100, in _execute
    with self.db.wrap_database_errors:
  File "C:\Users\ahmad\AppData\Local\Programs\Python\Python312\Lib\site-packages\django\db\utils.py", line 91, in __exit__
    raise dj_exc_value.with_traceback(traceback) from exc_value
  File "C:\Users\ahmad\AppData\Local\Programs\Python\Python312\Lib\site-packages\django\db\backends\utils.py", line 105, in _execute
    return self.cursor.execute(sql, params)
           ^^^^^^^^^^^^^^^^^^^^^^^^^^^^^^^^
  File "C:\Users\ahmad\AppData\Local\Programs\Python\Python312\Lib\site-packages\mssql\base.py", line 679, in execute
    return self.cursor.execute(sql, params)
           ^^^^^^^^^^^^^^^^^^^^^^^^^^^^^^^^
django.db.utils.ProgrammingError: ('42S22', "[42S22] [Microsoft][ODBC Driver 17 for SQL Server][SQL Server]Invalid column name 'product_unit_id'. (207) (SQLExecDirectW); [42S22] [Microsoft][ODBC Driver 17 for SQL Server][SQL Server]Invalid column name 'base_quantity'. (207); [42S22] [Microsoft][ODBC Driver 17 for SQL Server][SQL Server]Statement(s) could not be prepared. (8180)")
{"timestamp": "2025-12-24T19:15:21", "level": "ERROR", "logger": "apps.core.decorators", "module": "decorators", "function": "_log_error", "line": 83, "message": "Error in get_dashboard_summary: [ProgrammingError] ('42S22', "[42S22] [Microsoft][ODBC Driver 17 for SQL Server][SQL Server]Invalid column name 'product_unit_id'. (207) (SQLExecDirectW); [42S22] [Microsoft][ODBC Driver 17 for SQL Server][SQL Server]Invalid column name 'base_quantity'. (207); [42S22] [Microsoft][ODBC Driver 17 for SQL Server][SQL Server]Statement(s) could not be prepared. (8180)")"}
Traceback (most recent call last):
  File "C:\Users\ahmad\AppData\Local\Programs\Python\Python312\Lib\site-packages\django\db\backends\utils.py", line 105, in _execute
    return self.cursor.execute(sql, params)
           ^^^^^^^^^^^^^^^^^^^^^^^^^^^^^^^^
  File "C:\Users\ahmad\AppData\Local\Programs\Python\Python312\Lib\site-packages\mssql\base.py", line 679, in execute
    return self.cursor.execute(sql, params)
           ^^^^^^^^^^^^^^^^^^^^^^^^^^^^^^^^
pyodbc.ProgrammingError: ('42S22', "[42S22] [Microsoft][ODBC Driver 17 for SQL Server][SQL Server]Invalid column name 'product_unit_id'. (207) (SQLExecDirectW); [42S22] [Microsoft][ODBC Driver 17 for SQL Server][SQL Server]Invalid column name 'base_quantity'. (207); [42S22] [Microsoft][ODBC Driver 17 for SQL Server][SQL Server]Statement(s) could not be prepared. (8180)")

The above exception was the direct cause of the following exception:

Traceback (most recent call last):
  File "C:\ERP\backend\apps\core\decorators.py", line 196, in wrapper
    return func(*args, **kwargs)
           ^^^^^^^^^^^^^^^^^^^^^
  File "C:\ERP\backend\apps\reports\services.py", line 92, in get_dashboard_summary
    revenue = sum(item.total for item in invoice_items)
                 ^^^^^^^^^^^^^^^^^^^^^^^^^^^^^^^^^^^^^^
  File "C:\Users\ahmad\AppData\Local\Programs\Python\Python312\Lib\site-packages\django\db\models\query.py", line 400, in __iter__
    self._fetch_all()
  File "C:\Users\ahmad\AppData\Local\Programs\Python\Python312\Lib\site-packages\django\db\models\query.py", line 1928, in _fetch_all
    self._result_cache = list(self._iterable_class(self))
                         ^^^^^^^^^^^^^^^^^^^^^^^^^^^^^^^^
  File "C:\Users\ahmad\AppData\Local\Programs\Python\Python312\Lib\site-packages\django\db\models\query.py", line 91, in __iter__
    results = compiler.execute_sql(
              ^^^^^^^^^^^^^^^^^^^^^
  File "C:\Users\ahmad\AppData\Local\Programs\Python\Python312\Lib\site-packages\django\db\models\sql\compiler.py", line 1562, in execute_sql
    cursor.execute(sql, params)
  File "C:\Users\ahmad\AppData\Local\Programs\Python\Python312\Lib\site-packages\django\db\backends\utils.py", line 122, in execute
    return super().execute(sql, params)
           ^^^^^^^^^^^^^^^^^^^^^^^^^^^^
  File "C:\Users\ahmad\AppData\Local\Programs\Python\Python312\Lib\site-packages\django\db\backends\utils.py", line 79, in execute
    return self._execute_with_wrappers(
           ^^^^^^^^^^^^^^^^^^^^^^^^^^^^
  File "C:\Users\ahmad\AppData\Local\Programs\Python\Python312\Lib\site-packages\django\db\backends\utils.py", line 92, in _execute_with_wrappers
    return executor(sql, params, many, context)
           ^^^^^^^^^^^^^^^^^^^^^^^^^^^^^^^^^^^^
  File "C:\Users\ahmad\AppData\Local\Programs\Python\Python312\Lib\site-packages\django\db\backends\utils.py", line 100, in _execute
    with self.db.wrap_database_errors:
  File "C:\Users\ahmad\AppData\Local\Programs\Python\Python312\Lib\site-packages\django\db\utils.py", line 91, in __exit__
    raise dj_exc_value.with_traceback(traceback) from exc_value
  File "C:\Users\ahmad\AppData\Local\Programs\Python\Python312\Lib\site-packages\django\db\backends\utils.py", line 105, in _execute
    return self.cursor.execute(sql, params)
           ^^^^^^^^^^^^^^^^^^^^^^^^^^^^^^^^
  File "C:\Users\ahmad\AppData\Local\Programs\Python\Python312\Lib\site-packages\mssql\base.py", line 679, in execute
    return self.cursor.execute(sql, params)
           ^^^^^^^^^^^^^^^^^^^^^^^^^^^^^^^^
django.db.utils.ProgrammingError: ('42S22', "[42S22] [Microsoft][ODBC Driver 17 for SQL Server][SQL Server]Invalid column name 'product_unit_id'. (207) (SQLExecDirectW); [42S22] [Microsoft][ODBC Driver 17 for SQL Server][SQL Server]Invalid column name 'base_quantity'. (207); [42S22] [Microsoft][ODBC Driver 17 for SQL Server][SQL Server]Statement(s) could not be prepared. (8180)")
